# JRE version: OpenJDK Runtime Environment (17.0.7) (build 17.0.7+0-b2043.56-10550314)
# Java VM: OpenJDK 64-Bit Server VM (17.0.7+0-b2043.56-10550314, mixed mode, tiered, compressed oops, compressed class ptrs, g1 gc, windows-amd64)
GC Precious Log:
 CPUs: 4 total, 4 available
 Memory: 3445M
 Large Page Support: Disabled
 NUMA Support: Disabled
 Compressed Oops: Enabled (32-bit)
 Heap Region Size: 1M
 Heap Min Capacity: 8M
 Heap Initial Capacity: 54M
 Heap Max Capacity: 2G
 Pre-touch: Disabled
 Parallel Workers: 4
 Concurrent Workers: 1
 Concurrent Refinement Workers: 4
 Periodic GC: Disabled
Heap:
 garbage-first heap   total 63488K, used 40711K [0x0000000080000000, 0x0000000100000000)
  region size 1024K, 4 young (4096K), 3 survivors (3072K)
 Metaspace       used 54388K, committed 54848K, reserved 1114112K
  class space    used 7303K, committed 7488K, reserved 1048576K
GC Heap History (20 events):
Event: 16.121 GC heap before
{Heap before GC invocations=15 (full 0):
 garbage-first heap   total 55296K, used 43717K [0x0000000080000000, 0x0000000100000000)
  region size 1024K, 20 young (20480K), 3 survivors (3072K)
 Metaspace       used 41287K, committed 41664K, reserved 1114112K
  class space    used 5475K, committed 5632K, reserved 1048576K
}
Event: 16.128 GC heap after
{Heap after GC invocations=16 (full 0):
 garbage-first heap   total 55296K, used 29421K [0x0000000080000000, 0x0000000100000000)
  region size 1024K, 3 young (3072K), 3 survivors (3072K)
 Metaspace       used 41287K, committed 41664K, reserved 1114112K
  class space    used 5475K, committed 5632K, reserved 1048576K
}
Event: 16.653 GC heap before
{Heap before GC invocations=16 (full 0):
 garbage-first heap   total 55296K, used 39661K [0x0000000080000000, 0x0000000100000000)
  region size 1024K, 15 young (15360K), 3 survivors (3072K)
 Metaspace       used 42002K, committed 42304K, reserved 1114112K
  class space    used 5559K, committed 5696K, reserved 1048576K
}
Event: 16.656 GC heap after
{Heap after GC invocations=17 (full 0):
 garbage-first heap   total 55296K, used 31613K [0x0000000080000000, 0x0000000100000000)
  region size 1024K, 2 young (2048K), 2 survivors (2048K)
 Metaspace       used 42002K, committed 42304K, reserved 1114112K
  class space    used 5559K, committed 5696K, reserved 1048576K
}
Event: 17.325 GC heap before
{Heap before GC invocations=18 (full 0):
 garbage-first heap   total 63488K, used 47997K [0x0000000080000000, 0x0000000100000000)
  region size 1024K, 14 young (14336K), 2 survivors (2048K)
 Metaspace       used 44164K, committed 44544K, reserved 1114112K
  class space    used 5811K, committed 5952K, reserved 1048576K
}
Event: 17.327 GC heap after
{Heap after GC invocations=19 (full 0):
 garbage-first heap   total 63488K, used 31809K [0x0000000080000000, 0x0000000100000000)
  region size 1024K, 1 young (1024K), 1 survivors (1024K)
 Metaspace       used 44164K, committed 44544K, reserved 1114112K
  class space    used 5811K, committed 5952K, reserved 1048576K
}
Event: 17.907 GC heap before
{Heap before GC invocations=19 (full 0):
 garbage-first heap   total 63488K, used 42049K [0x0000000080000000, 0x0000000100000000)
  region size 1024K, 13 young (13312K), 1 survivors (1024K)
 Metaspace       used 44386K, committed 44864K, reserved 1114112K
  class space    used 5824K, committed 6016K, reserved 1048576K
}
Event: 17.909 GC heap after
{Heap after GC invocations=20 (full 0):
 garbage-first heap   total 63488K, used 32456K [0x0000000080000000, 0x0000000100000000)
  region size 1024K, 2 young (2048K), 2 survivors (2048K)
 Metaspace       used 44386K, committed 44864K, reserved 1114112K
  class space    used 5824K, committed 6016K, reserved 1048576K
}
Event: 19.164 GC heap before
{Heap before GC invocations=21 (full 0):
 garbage-first heap   total 63488K, used 50888K [0x0000000080000000, 0x0000000100000000)
  region size 1024K, 19 young (19456K), 2 survivors (2048K)
 Metaspace       used 46937K, committed 47424K, reserved 1114112K
  class space    used 6185K, committed 6400K, reserved 1048576K
}
Event: 19.168 GC heap after
{Heap after GC invocations=22 (full 0):
 garbage-first heap   total 63488K, used 33533K [0x0000000080000000, 0x0000000100000000)
  region size 1024K, 3 young (3072K), 3 survivors (3072K)
 Metaspace       used 46937K, committed 47424K, reserved 1114112K
  class space    used 6185K, committed 6400K, reserved 1048576K
}
Event: 19.907 GC heap before
{Heap before GC invocations=22 (full 0):
 garbage-first heap   total 63488K, used 49917K [0x0000000080000000, 0x0000000100000000)
  region size 1024K, 19 young (19456K), 3 survivors (3072K)
 Metaspace       used 48676K, committed 49088K, reserved 1114112K
  class space    used 6472K, committed 6656K, reserved 1048576K
}
Event: 19.910 GC heap after
{Heap after GC invocations=23 (full 0):
 garbage-first heap   total 63488K, used 34556K [0x0000000080000000, 0x0000000100000000)
  region size 1024K, 1 young (1024K), 1 survivors (1024K)
 Metaspace       used 48676K, committed 49088K, reserved 1114112K
  class space    used 6472K, committed 6656K, reserved 1048576K
}
Event: 20.689 GC heap before
{Heap before GC invocations=24 (full 0):
 garbage-first heap   total 63488K, used 49916K [0x0000000080000000, 0x0000000100000000)
  region size 1024K, 17 young (17408K), 1 survivors (1024K)
 Metaspace       used 50834K, committed 51264K, reserved 1114112K
  class space    used 6845K, committed 7040K, reserved 1048576K
}
Event: 20.692 GC heap after
{Heap after GC invocations=25 (full 0):
 garbage-first heap   total 63488K, used 35075K [0x0000000080000000, 0x0000000100000000)
  region size 1024K, 2 young (2048K), 2 survivors (2048K)
 Metaspace       used 50834K, committed 51264K, reserved 1114112K
  class space    used 6845K, committed 7040K, reserved 1048576K
}
Event: 21.859 GC heap before
{Heap before GC invocations=25 (full 0):
 garbage-first heap   total 63488K, used 51459K [0x0000000080000000, 0x0000000100000000)
  region size 1024K, 18 young (18432K), 2 survivors (2048K)
 Metaspace       used 52688K, committed 53184K, reserved 1114112K
  class space    used 7102K, committed 7296K, reserved 1048576K
}
Event: 21.863 GC heap after
{Heap after GC invocations=26 (full 0):
 garbage-first heap   total 63488K, used 35801K [0x0000000080000000, 0x0000000100000000)
  region size 1024K, 3 young (3072K), 3 survivors (3072K)
 Metaspace       used 52688K, committed 53184K, reserved 1114112K
  class space    used 7102K, committed 7296K, reserved 1048576K
}
Event: 24.653 GC heap before
{Heap before GC invocations=27 (full 0):
 garbage-first heap   total 63488K, used 51161K [0x0000000080000000, 0x0000000100000000)
  region size 1024K, 18 young (18432K), 3 survivors (3072K)
 Metaspace       used 53886K, committed 54336K, reserved 1114112K
  class space    used 7261K, committed 7488K, reserved 1048576K
}
Event: 24.660 GC heap after
{Heap after GC invocations=28 (full 0):
 garbage-first heap   total 63488K, used 37561K [0x0000000080000000, 0x0000000100000000)
  region size 1024K, 3 young (3072K), 3 survivors (3072K)
 Metaspace       used 53886K, committed 54336K, reserved 1114112K
  class space    used 7261K, committed 7488K, reserved 1048576K
}
Event: 25.547 GC heap before
{Heap before GC invocations=28 (full 0):
 garbage-first heap   total 63488K, used 50873K [0x0000000080000000, 0x0000000100000000)
  region size 1024K, 17 young (17408K), 3 survivors (3072K)
 Metaspace       used 54356K, committed 54848K, reserved 1114112K
  class space    used 7303K, committed 7488K, reserved 1048576K
}
Event: 25.558 GC heap after
{Heap after GC invocations=29 (full 0):
 garbage-first heap   total 63488K, used 40711K [0x0000000080000000, 0x0000000100000000)
  region size 1024K, 3 young (3072K), 3 survivors (3072K)
 Metaspace       used 54356K, committed 54848K, reserved 1114112K
  class space    used 7303K, committed 7488K, reserved 1048576K
}

