# JRE version: OpenJDK Runtime Environment (17.0.7) (build 17.0.7+0-b2043.56-10550314)
# Java VM: OpenJDK 64-Bit Server VM (17.0.7+0-b2043.56-10550314, mixed mode, tiered, compressed oops, compressed class ptrs, g1 gc, windows-amd64)
GC Precious Log:
 CPUs: 4 total, 4 available
 Memory: 3445M
 Large Page Support: Disabled
 NUMA Support: Disabled
 Compressed Oops: Enabled (32-bit)
 Heap Region Size: 1M
 Heap Min Capacity: 8M
 Heap Initial Capacity: 54M
 Heap Max Capacity: 862M
 Pre-touch: Disabled
 Parallel Workers: 4
 Concurrent Workers: 1
 Concurrent Refinement Workers: 4
 Periodic GC: Disabled
Heap:
 garbage-first heap   total 268288K, used 137637K [0x00000000ca200000, 0x0000000100000000)
  region size 1024K, 80 young (81920K), 1 survivors (1024K)
 Metaspace       used 58002K, committed 58240K, reserved 1114112K
  class space    used 6743K, committed 6848K, reserved 1048576K
GC Heap History (20 events):
Event: 11.471 GC heap before
{Heap before GC invocations=21 (full 0):
 garbage-first heap   total 79872K, used 42786K [0x00000000ca200000, 0x0000000100000000)
  region size 1024K, 16 young (16384K), 4 survivors (4096K)
 Metaspace       used 51236K, committed 51456K, reserved 1114112K
  class space    used 6221K, committed 6336K, reserved 1048576K
}
Event: 11.482 GC heap after
{Heap after GC invocations=22 (full 0):
 garbage-first heap   total 79872K, used 33901K [0x00000000ca200000, 0x0000000100000000)
  region size 1024K, 4 young (4096K), 4 survivors (4096K)
 Metaspace       used 51236K, committed 51456K, reserved 1114112K
  class space    used 6221K, committed 6336K, reserved 1048576K
}
Event: 13.055 GC heap before
{Heap before GC invocations=23 (full 0):
 garbage-first heap   total 79872K, used 58477K [0x00000000ca200000, 0x0000000100000000)
  region size 1024K, 28 young (28672K), 4 survivors (4096K)
 Metaspace       used 51513K, committed 51712K, reserved 1114112K
  class space    used 6251K, committed 6336K, reserved 1048576K
}
Event: 13.062 GC heap after
{Heap after GC invocations=24 (full 0):
 garbage-first heap   total 79872K, used 34753K [0x00000000ca200000, 0x0000000100000000)
  region size 1024K, 1 young (1024K), 1 survivors (1024K)
 Metaspace       used 51513K, committed 51712K, reserved 1114112K
  class space    used 6251K, committed 6336K, reserved 1048576K
}
Event: 14.879 GC heap before
{Heap before GC invocations=24 (full 0):
 garbage-first heap   total 79872K, used 59329K [0x00000000ca200000, 0x0000000100000000)
  region size 1024K, 26 young (26624K), 1 survivors (1024K)
 Metaspace       used 53539K, committed 53760K, reserved 1114112K
  class space    used 6436K, committed 6528K, reserved 1048576K
}
Event: 14.891 GC heap after
{Heap after GC invocations=25 (full 0):
 garbage-first heap   total 79872K, used 39405K [0x00000000ca200000, 0x0000000100000000)
  region size 1024K, 4 young (4096K), 4 survivors (4096K)
 Metaspace       used 53539K, committed 53760K, reserved 1114112K
  class space    used 6436K, committed 6528K, reserved 1048576K
}
Event: 17.225 GC heap before
{Heap before GC invocations=26 (full 0):
 garbage-first heap   total 79872K, used 59885K [0x00000000ca200000, 0x0000000100000000)
  region size 1024K, 25 young (25600K), 4 survivors (4096K)
 Metaspace       used 56023K, committed 56192K, reserved 1114112K
  class space    used 6654K, committed 6720K, reserved 1048576K
}
Event: 17.256 GC heap after
{Heap after GC invocations=27 (full 0):
 garbage-first heap   total 79872K, used 44650K [0x00000000ca200000, 0x0000000100000000)
  region size 1024K, 4 young (4096K), 4 survivors (4096K)
 Metaspace       used 56023K, committed 56192K, reserved 1114112K
  class space    used 6654K, committed 6720K, reserved 1048576K
}
Event: 17.288 GC heap before
{Heap before GC invocations=27 (full 0):
 garbage-first heap   total 79872K, used 45674K [0x00000000ca200000, 0x0000000100000000)
  region size 1024K, 5 young (5120K), 4 survivors (4096K)
 Metaspace       used 56067K, committed 56256K, reserved 1114112K
  class space    used 6654K, committed 6720K, reserved 1048576K
}
Event: 17.320 GC heap after
{Heap after GC invocations=28 (full 0):
 garbage-first heap   total 79872K, used 45641K [0x00000000ca200000, 0x0000000100000000)
  region size 1024K, 1 young (1024K), 1 survivors (1024K)
 Metaspace       used 56067K, committed 56256K, reserved 1114112K
  class space    used 6654K, committed 6720K, reserved 1048576K
}
Event: 18.049 GC heap before
{Heap before GC invocations=28 (full 0):
 garbage-first heap   total 79872K, used 61001K [0x00000000ca200000, 0x0000000100000000)
  region size 1024K, 17 young (17408K), 1 survivors (1024K)
 Metaspace       used 56637K, committed 56896K, reserved 1114112K
  class space    used 6667K, committed 6784K, reserved 1048576K
}
Event: 18.205 GC heap after
{Heap after GC invocations=29 (full 0):
 garbage-first heap   total 79872K, used 51082K [0x00000000ca200000, 0x0000000100000000)
  region size 1024K, 3 young (3072K), 3 survivors (3072K)
 Metaspace       used 56637K, committed 56896K, reserved 1114112K
  class space    used 6667K, committed 6784K, reserved 1048576K
}
Event: 18.616 GC heap before
{Heap before GC invocations=29 (full 0):
 garbage-first heap   total 79872K, used 62346K [0x00000000ca200000, 0x0000000100000000)
  region size 1024K, 15 young (15360K), 3 survivors (3072K)
 Metaspace       used 57451K, committed 57664K, reserved 1114112K
  class space    used 6707K, committed 6784K, reserved 1048576K
}
Event: 18.639 GC heap after
{Heap after GC invocations=30 (full 0):
 garbage-first heap   total 79872K, used 53547K [0x00000000ca200000, 0x0000000100000000)
  region size 1024K, 2 young (2048K), 2 survivors (2048K)
 Metaspace       used 57451K, committed 57664K, reserved 1114112K
  class space    used 6707K, committed 6784K, reserved 1048576K
}
Event: 18.819 GC heap before
{Heap before GC invocations=30 (full 0):
 garbage-first heap   total 79872K, used 63787K [0x00000000ca200000, 0x0000000100000000)
  region size 1024K, 12 young (12288K), 2 survivors (2048K)
 Metaspace       used 57626K, committed 57856K, reserved 1114112K
  class space    used 6716K, committed 6784K, reserved 1048576K
}
Event: 18.826 GC heap after
{Heap after GC invocations=31 (full 0):
 garbage-first heap   total 79872K, used 55906K [0x00000000ca200000, 0x0000000100000000)
  region size 1024K, 2 young (2048K), 2 survivors (2048K)
 Metaspace       used 57626K, committed 57856K, reserved 1114112K
  class space    used 6716K, committed 6784K, reserved 1048576K
}
Event: 19.007 GC heap before
{Heap before GC invocations=32 (full 0):
 garbage-first heap   total 104448K, used 65122K [0x00000000ca200000, 0x0000000100000000)
  region size 1024K, 11 young (11264K), 2 survivors (2048K)
 Metaspace       used 57782K, committed 58048K, reserved 1114112K
  class space    used 6735K, committed 6848K, reserved 1048576K
}
Event: 19.017 GC heap after
{Heap after GC invocations=33 (full 0):
 garbage-first heap   total 104448K, used 57754K [0x00000000ca200000, 0x0000000100000000)
  region size 1024K, 2 young (2048K), 2 survivors (2048K)
 Metaspace       used 57782K, committed 58048K, reserved 1114112K
  class space    used 6735K, committed 6848K, reserved 1048576K
}
Event: 19.402 GC heap before
{Heap before GC invocations=33 (full 0):
 garbage-first heap   total 104448K, used 60826K [0x00000000ca200000, 0x0000000100000000)
  region size 1024K, 5 young (5120K), 2 survivors (2048K)
 Metaspace       used 57801K, committed 58048K, reserved 1114112K
  class space    used 6735K, committed 6848K, reserved 1048576K
}
Event: 19.425 GC heap after
{Heap after GC invocations=34 (full 0):
 garbage-first heap   total 268288K, used 57765K [0x00000000ca200000, 0x0000000100000000)
  region size 1024K, 1 young (1024K), 1 survivors (1024K)
 Metaspace       used 57801K, committed 58048K, reserved 1114112K
  class space    used 6735K, committed 6848K, reserved 1048576K
}

