# JRE version: OpenJDK Runtime Environment (17.0.7) (build 17.0.7+0-b2043.56-10550314)
# Java VM: OpenJDK 64-Bit Server VM (17.0.7+0-b2043.56-10550314, mixed mode, tiered, compressed oops, compressed class ptrs, g1 gc, windows-amd64)
GC Precious Log:
 CPUs: 4 total, 4 available
 Memory: 3445M
 Large Page Support: Disabled
 NUMA Support: Disabled
 Compressed Oops: Enabled (32-bit)
 Heap Region Size: 1M
 Heap Min Capacity: 8M
 Heap Initial Capacity: 54M
 Heap Max Capacity: 862M
 Pre-touch: Disabled
 Parallel Workers: 4
 Concurrent Workers: 1
 Concurrent Refinement Workers: 4
 Periodic GC: Disabled
Heap:
 garbage-first heap   total 55296K, used 24232K [0x00000000ca200000, 0x0000000100000000)
  region size 1024K, 2 young (2048K), 2 survivors (2048K)
 Metaspace       used 41001K, committed 41216K, reserved 1114112K
  class space    used 5062K, committed 5120K, reserved 1048576K
GC Heap History (20 events):
Event: 0.637 GC heap after
{Heap after GC invocations=1 (full 0):
 garbage-first heap   total 55296K, used 6144K [0x00000000ca200000, 0x0000000100000000)
  region size 1024K, 2 young (2048K), 2 survivors (2048K)
 Metaspace       used 10479K, committed 10624K, reserved 1114112K
  class space    used 906K, committed 1024K, reserved 1048576K
}
Event: 1.046 GC heap before
{Heap before GC invocations=1 (full 0):
 garbage-first heap   total 55296K, used 23552K [0x00000000ca200000, 0x0000000100000000)
  region size 1024K, 19 young (19456K), 2 survivors (2048K)
 Metaspace       used 14641K, committed 14784K, reserved 1114112K
  class space    used 1457K, committed 1536K, reserved 1048576K
}
Event: 1.053 GC heap after
{Heap after GC invocations=2 (full 0):
 garbage-first heap   total 55296K, used 8007K [0x00000000ca200000, 0x0000000100000000)
  region size 1024K, 2 young (2048K), 2 survivors (2048K)
 Metaspace       used 14641K, committed 14784K, reserved 1114112K
  class space    used 1457K, committed 1536K, reserved 1048576K
}
Event: 2.249 GC heap before
{Heap before GC invocations=2 (full 0):
 garbage-first heap   total 55296K, used 32583K [0x00000000ca200000, 0x0000000100000000)
  region size 1024K, 27 young (27648K), 2 survivors (2048K)
 Metaspace       used 21416K, committed 21504K, reserved 1114112K
  class space    used 2385K, committed 2432K, reserved 1048576K
}
Event: 2.260 GC heap after
{Heap after GC invocations=3 (full 0):
 garbage-first heap   total 55296K, used 10417K [0x00000000ca200000, 0x0000000100000000)
  region size 1024K, 4 young (4096K), 4 survivors (4096K)
 Metaspace       used 21416K, committed 21504K, reserved 1114112K
  class space    used 2385K, committed 2432K, reserved 1048576K
}
Event: 2.895 GC heap before
{Heap before GC invocations=4 (full 0):
 garbage-first heap   total 40960K, used 29873K [0x00000000ca200000, 0x0000000100000000)
  region size 1024K, 24 young (24576K), 4 survivors (4096K)
 Metaspace       used 27438K, committed 27648K, reserved 1114112K
  class space    used 3156K, committed 3264K, reserved 1048576K
}
Event: 2.903 GC heap after
{Heap after GC invocations=5 (full 0):
 garbage-first heap   total 40960K, used 11730K [0x00000000ca200000, 0x0000000100000000)
  region size 1024K, 2 young (2048K), 2 survivors (2048K)
 Metaspace       used 27438K, committed 27648K, reserved 1114112K
  class space    used 3156K, committed 3264K, reserved 1048576K
}
Event: 3.286 GC heap before
{Heap before GC invocations=5 (full 0):
 garbage-first heap   total 40960K, used 29138K [0x00000000ca200000, 0x0000000100000000)
  region size 1024K, 19 young (19456K), 2 survivors (2048K)
 Metaspace       used 30155K, committed 30400K, reserved 1114112K
  class space    used 3758K, committed 3840K, reserved 1048576K
}
Event: 3.293 GC heap after
{Heap after GC invocations=6 (full 0):
 garbage-first heap   total 40960K, used 14815K [0x00000000ca200000, 0x0000000100000000)
  region size 1024K, 3 young (3072K), 3 survivors (3072K)
 Metaspace       used 30155K, committed 30400K, reserved 1114112K
  class space    used 3758K, committed 3840K, reserved 1048576K
}
Event: 3.487 GC heap before
{Heap before GC invocations=6 (full 0):
 garbage-first heap   total 40960K, used 31199K [0x00000000ca200000, 0x0000000100000000)
  region size 1024K, 17 young (17408K), 3 survivors (3072K)
 Metaspace       used 30313K, committed 30592K, reserved 1114112K
  class space    used 3758K, committed 3840K, reserved 1048576K
}
Event: 3.499 GC heap after
{Heap after GC invocations=7 (full 0):
 garbage-first heap   total 49152K, used 21550K [0x00000000ca200000, 0x0000000100000000)
  region size 1024K, 3 young (3072K), 3 survivors (3072K)
 Metaspace       used 30313K, committed 30592K, reserved 1114112K
  class space    used 3758K, committed 3840K, reserved 1048576K
}
Event: 4.103 GC heap before
{Heap before GC invocations=7 (full 0):
 garbage-first heap   total 49152K, used 34862K [0x00000000ca200000, 0x0000000100000000)
  region size 1024K, 16 young (16384K), 3 survivors (3072K)
 Metaspace       used 34370K, committed 34624K, reserved 1114112K
  class space    used 4422K, committed 4544K, reserved 1048576K
}
Event: 4.111 GC heap after
{Heap after GC invocations=8 (full 0):
 garbage-first heap   total 49152K, used 22982K [0x00000000ca200000, 0x0000000100000000)
  region size 1024K, 2 young (2048K), 2 survivors (2048K)
 Metaspace       used 34370K, committed 34624K, reserved 1114112K
  class space    used 4422K, committed 4544K, reserved 1048576K
}
Event: 4.297 GC heap before
{Heap before GC invocations=8 (full 0):
 garbage-first heap   total 49152K, used 32198K [0x00000000ca200000, 0x0000000100000000)
  region size 1024K, 13 young (13312K), 2 survivors (2048K)
 Metaspace       used 35810K, committed 35968K, reserved 1114112K
  class space    used 4568K, committed 4672K, reserved 1048576K
}
Event: 4.302 GC heap after
{Heap after GC invocations=9 (full 0):
 garbage-first heap   total 49152K, used 22421K [0x00000000ca200000, 0x0000000100000000)
  region size 1024K, 2 young (2048K), 2 survivors (2048K)
 Metaspace       used 35810K, committed 35968K, reserved 1114112K
  class space    used 4568K, committed 4672K, reserved 1048576K
}
Event: 4.528 GC heap before
{Heap before GC invocations=10 (full 0):
 garbage-first heap   total 49152K, used 33685K [0x00000000ca200000, 0x0000000100000000)
  region size 1024K, 14 young (14336K), 2 survivors (2048K)
 Metaspace       used 38072K, committed 38272K, reserved 1114112K
  class space    used 4835K, committed 4928K, reserved 1048576K
}
Event: 4.532 GC heap after
{Heap after GC invocations=11 (full 0):
 garbage-first heap   total 49152K, used 24189K [0x00000000ca200000, 0x0000000100000000)
  region size 1024K, 2 young (2048K), 2 survivors (2048K)
 Metaspace       used 38072K, committed 38272K, reserved 1114112K
  class space    used 4835K, committed 4928K, reserved 1048576K
}
Event: 4.549 GC heap before
{Heap before GC invocations=11 (full 0):
 garbage-first heap   total 49152K, used 25213K [0x00000000ca200000, 0x0000000100000000)
  region size 1024K, 3 young (3072K), 2 survivors (2048K)
 Metaspace       used 38264K, committed 38464K, reserved 1114112K
  class space    used 4846K, committed 4928K, reserved 1048576K
}
Event: 4.553 GC heap after
{Heap after GC invocations=12 (full 0):
 garbage-first heap   total 49152K, used 23105K [0x00000000ca200000, 0x0000000100000000)
  region size 1024K, 1 young (1024K), 1 survivors (1024K)
 Metaspace       used 38264K, committed 38464K, reserved 1114112K
  class space    used 4846K, committed 4928K, reserved 1048576K
}
Event: 4.777 GC heap before
{Heap before GC invocations=12 (full 0):
 garbage-first heap   total 49152K, used 34369K [0x00000000ca200000, 0x0000000100000000)
  region size 1024K, 13 young (13312K), 1 survivors (1024K)
 Metaspace       used 41001K, committed 41216K, reserved 1114112K
  class space    used 5062K, committed 5120K, reserved 1048576K
}

