# JRE version: OpenJDK Runtime Environment (17.0.7) (build 17.0.7+0-b2043.56-10550314)
# Java VM: OpenJDK 64-Bit Server VM (17.0.7+0-b2043.56-10550314, mixed mode, tiered, compressed oops, compressed class ptrs, g1 gc, windows-amd64)
GC Precious Log:
 CPUs: 4 total, 4 available
 Memory: 3445M
 Large Page Support: Disabled
 NUMA Support: Disabled
 Compressed Oops: Enabled (32-bit)
 Heap Region Size: 1M
 Heap Min Capacity: 8M
 Heap Initial Capacity: 54M
 Heap Max Capacity: 2G
 Pre-touch: Disabled
 Parallel Workers: 4
 Concurrent Workers: 1
 Concurrent Refinement Workers: 4
 Periodic GC: Disabled
Heap:
 garbage-first heap   total 250880K, used 119923K [0x0000000080000000, 0x0000000100000000)
  region size 1024K, 2 young (2048K), 2 survivors (2048K)
 Metaspace       used 100678K, committed 101376K, reserved 1179648K
  class space    used 13863K, committed 14208K, reserved 1048576K
GC Heap History (20 events):
Event: 11.594 GC heap after
{Heap after GC invocations=35 (full 0):
 garbage-first heap   total 184320K, used 68872K [0x0000000080000000, 0x0000000100000000)
  region size 1024K, 9 young (9216K), 9 survivors (9216K)
 Metaspace       used 69671K, committed 70272K, reserved 1114112K
  class space    used 9313K, committed 9600K, reserved 1048576K
}
Event: 12.685 GC heap before
{Heap before GC invocations=35 (full 0):
 garbage-first heap   total 184320K, used 136456K [0x0000000080000000, 0x0000000100000000)
  region size 1024K, 71 young (72704K), 9 survivors (9216K)
 Metaspace       used 75707K, committed 76288K, reserved 1179648K
  class space    used 10164K, committed 10432K, reserved 1048576K
}
Event: 12.760 GC heap after
{Heap after GC invocations=36 (full 0):
 garbage-first heap   total 184320K, used 77536K [0x0000000080000000, 0x0000000100000000)
  region size 1024K, 5 young (5120K), 5 survivors (5120K)
 Metaspace       used 75707K, committed 76288K, reserved 1179648K
  class space    used 10164K, committed 10432K, reserved 1048576K
}
Event: 14.436 GC heap before
{Heap before GC invocations=36 (full 0):
 garbage-first heap   total 184320K, used 138976K [0x0000000080000000, 0x0000000100000000)
  region size 1024K, 66 young (67584K), 5 survivors (5120K)
 Metaspace       used 78535K, committed 79168K, reserved 1179648K
  class space    used 10539K, committed 10816K, reserved 1048576K
}
Event: 14.470 GC heap after
{Heap after GC invocations=37 (full 0):
 garbage-first heap   total 184320K, used 82689K [0x0000000080000000, 0x0000000100000000)
  region size 1024K, 9 young (9216K), 9 survivors (9216K)
 Metaspace       used 78535K, committed 79168K, reserved 1179648K
  class space    used 10539K, committed 10816K, reserved 1048576K
}
Event: 16.156 GC heap before
{Heap before GC invocations=37 (full 0):
 garbage-first heap   total 184320K, used 145153K [0x0000000080000000, 0x0000000100000000)
  region size 1024K, 69 young (70656K), 9 survivors (9216K)
 Metaspace       used 83313K, committed 83968K, reserved 1179648K
  class space    used 11397K, committed 11712K, reserved 1048576K
}
Event: 16.180 GC heap after
{Heap after GC invocations=38 (full 0):
 garbage-first heap   total 250880K, used 85758K [0x0000000080000000, 0x0000000100000000)
  region size 1024K, 3 young (3072K), 3 survivors (3072K)
 Metaspace       used 83313K, committed 83968K, reserved 1179648K
  class space    used 11397K, committed 11712K, reserved 1048576K
}
Event: 20.585 GC heap before
{Heap before GC invocations=38 (full 0):
 garbage-first heap   total 250880K, used 198398K [0x0000000080000000, 0x0000000100000000)
  region size 1024K, 113 young (115712K), 3 survivors (3072K)
 Metaspace       used 92202K, committed 92864K, reserved 1179648K
  class space    used 12737K, committed 13056K, reserved 1048576K
}
Event: 20.704 GC heap after
{Heap after GC invocations=39 (full 0):
 garbage-first heap   total 250880K, used 90569K [0x0000000080000000, 0x0000000100000000)
  region size 1024K, 8 young (8192K), 8 survivors (8192K)
 Metaspace       used 92202K, committed 92864K, reserved 1179648K
  class space    used 12737K, committed 13056K, reserved 1048576K
}
Event: 21.203 GC heap before
{Heap before GC invocations=39 (full 0):
 garbage-first heap   total 250880K, used 105929K [0x0000000080000000, 0x0000000100000000)
  region size 1024K, 24 young (24576K), 8 survivors (8192K)
 Metaspace       used 93435K, committed 94016K, reserved 1179648K
  class space    used 12941K, committed 13248K, reserved 1048576K
}
Event: 21.215 GC heap after
{Heap after GC invocations=40 (full 0):
 garbage-first heap   total 250880K, used 91535K [0x0000000080000000, 0x0000000100000000)
  region size 1024K, 9 young (9216K), 9 survivors (9216K)
 Metaspace       used 93435K, committed 94016K, reserved 1179648K
  class space    used 12941K, committed 13248K, reserved 1048576K
}
Event: 23.934 GC heap before
{Heap before GC invocations=41 (full 0):
 garbage-first heap   total 250880K, used 204175K [0x0000000080000000, 0x0000000100000000)
  region size 1024K, 119 young (121856K), 9 survivors (9216K)
 Metaspace       used 97866K, committed 98560K, reserved 1179648K
  class space    used 13502K, committed 13888K, reserved 1048576K
}
Event: 24.026 GC heap after
{Heap after GC invocations=42 (full 0):
 garbage-first heap   total 250880K, used 103810K [0x0000000080000000, 0x0000000100000000)
  region size 1024K, 15 young (15360K), 15 survivors (15360K)
 Metaspace       used 97866K, committed 98560K, reserved 1179648K
  class space    used 13502K, committed 13888K, reserved 1048576K
}
Event: 24.039 GC heap before
{Heap before GC invocations=42 (full 0):
 garbage-first heap   total 250880K, used 104834K [0x0000000080000000, 0x0000000100000000)
  region size 1024K, 16 young (16384K), 15 survivors (15360K)
 Metaspace       used 97866K, committed 98560K, reserved 1179648K
  class space    used 13502K, committed 13888K, reserved 1048576K
}
Event: 24.077 GC heap after
{Heap after GC invocations=43 (full 0):
 garbage-first heap   total 250880K, used 105686K [0x0000000080000000, 0x0000000100000000)
  region size 1024K, 2 young (2048K), 2 survivors (2048K)
 Metaspace       used 97866K, committed 98560K, reserved 1179648K
  class space    used 13502K, committed 13888K, reserved 1048576K
}
Event: 27.462 GC heap before
{Heap before GC invocations=43 (full 0):
 garbage-first heap   total 250880K, used 200918K [0x0000000080000000, 0x0000000100000000)
  region size 1024K, 95 young (97280K), 2 survivors (2048K)
 Metaspace       used 100149K, committed 100928K, reserved 1179648K
  class space    used 13829K, committed 14208K, reserved 1048576K
}
Event: 27.540 GC heap after
{Heap after GC invocations=44 (full 0):
 garbage-first heap   total 250880K, used 115430K [0x0000000080000000, 0x0000000100000000)
  region size 1024K, 12 young (12288K), 12 survivors (12288K)
 Metaspace       used 100149K, committed 100928K, reserved 1179648K
  class space    used 13829K, committed 14208K, reserved 1048576K
}
Event: 29.610 GC heap before
{Heap before GC invocations=45 (full 0):
 garbage-first heap   total 250880K, used 198374K [0x0000000080000000, 0x0000000100000000)
  region size 1024K, 94 young (96256K), 12 survivors (12288K)
 Metaspace       used 100554K, committed 101312K, reserved 1179648K
  class space    used 13840K, committed 14208K, reserved 1048576K
}
Event: 29.721 GC heap after
{Heap after GC invocations=46 (full 0):
 garbage-first heap   total 250880K, used 120205K [0x0000000080000000, 0x0000000100000000)
  region size 1024K, 7 young (7168K), 7 survivors (7168K)
 Metaspace       used 100554K, committed 101312K, reserved 1179648K
  class space    used 13840K, committed 14208K, reserved 1048576K
}
Event: 30.094 GC heap before
{Heap before GC invocations=46 (full 0):
 garbage-first heap   total 250880K, used 124301K [0x0000000080000000, 0x0000000100000000)
  region size 1024K, 12 young (12288K), 7 survivors (7168K)
 Metaspace       used 100678K, committed 101376K, reserved 1179648K
  class space    used 13863K, committed 14208K, reserved 1048576K
}

