# JRE version: OpenJDK Runtime Environment (17.0.7) (build 17.0.7+0-b2043.56-10550314)
# Java VM: OpenJDK 64-Bit Server VM (17.0.7+0-b2043.56-10550314, mixed mode, tiered, compressed oops, compressed class ptrs, g1 gc, windows-amd64)
GC Precious Log:
 CPUs: 4 total, 4 available
 Memory: 3445M
 Large Page Support: Disabled
 NUMA Support: Disabled
 Compressed Oops: Enabled (32-bit)
 Heap Region Size: 1M
 Heap Min Capacity: 8M
 Heap Initial Capacity: 54M
 Heap Max Capacity: 862M
 Pre-touch: Disabled
 Parallel Workers: 4
 Concurrent Workers: 1
 Concurrent Refinement Workers: 4
 Periodic GC: Disabled
Heap:
 garbage-first heap   total 126976K, used 75838K [0x00000000ca200000, 0x0000000100000000)
  region size 1024K, 3 young (3072K), 3 survivors (3072K)
 Metaspace       used 74528K, committed 74816K, reserved 1179648K
  class space    used 8642K, committed 8768K, reserved 1048576K
GC Heap History (20 events):
Event: 5.204 GC heap after
{Heap after GC invocations=20 (full 0):
 garbage-first heap   total 120832K, used 52032K [0x00000000ca200000, 0x0000000100000000)
  region size 1024K, 1 young (1024K), 1 survivors (1024K)
 Metaspace       used 57085K, committed 57280K, reserved 1114112K
  class space    used 6768K, committed 6848K, reserved 1048576K
}
Event: 5.769 GC heap before
{Heap before GC invocations=21 (full 0):
 garbage-first heap   total 120832K, used 90944K [0x00000000ca200000, 0x0000000100000000)
  region size 1024K, 39 young (39936K), 1 survivors (1024K)
 Metaspace       used 60799K, committed 61120K, reserved 1114112K
  class space    used 7345K, committed 7488K, reserved 1048576K
}
Event: 5.775 GC heap after
{Heap after GC invocations=22 (full 0):
 garbage-first heap   total 120832K, used 53738K [0x00000000ca200000, 0x0000000100000000)
  region size 1024K, 3 young (3072K), 3 survivors (3072K)
 Metaspace       used 60799K, committed 61120K, reserved 1114112K
  class space    used 7345K, committed 7488K, reserved 1048576K
}
Event: 5.782 GC heap before
{Heap before GC invocations=22 (full 0):
 garbage-first heap   total 120832K, used 54762K [0x00000000ca200000, 0x0000000100000000)
  region size 1024K, 5 young (5120K), 3 survivors (3072K)
 Metaspace       used 60801K, committed 61120K, reserved 1114112K
  class space    used 7345K, committed 7488K, reserved 1048576K
}
Event: 5.788 GC heap after
{Heap after GC invocations=23 (full 0):
 garbage-first heap   total 120832K, used 53360K [0x00000000ca200000, 0x0000000100000000)
  region size 1024K, 1 young (1024K), 1 survivors (1024K)
 Metaspace       used 60801K, committed 61120K, reserved 1114112K
  class space    used 7345K, committed 7488K, reserved 1048576K
}
Event: 6.632 GC heap before
{Heap before GC invocations=23 (full 0):
 garbage-first heap   total 120832K, used 92272K [0x00000000ca200000, 0x0000000100000000)
  region size 1024K, 39 young (39936K), 1 survivors (1024K)
 Metaspace       used 63625K, committed 63936K, reserved 1114112K
  class space    used 7645K, committed 7808K, reserved 1048576K
}
Event: 6.644 GC heap after
{Heap after GC invocations=24 (full 0):
 garbage-first heap   total 120832K, used 59951K [0x00000000ca200000, 0x0000000100000000)
  region size 1024K, 5 young (5120K), 5 survivors (5120K)
 Metaspace       used 63625K, committed 63936K, reserved 1114112K
  class space    used 7645K, committed 7808K, reserved 1048576K
}
Event: 7.702 GC heap before
{Heap before GC invocations=24 (full 0):
 garbage-first heap   total 120832K, used 87599K [0x00000000ca200000, 0x0000000100000000)
  region size 1024K, 33 young (33792K), 5 survivors (5120K)
 Metaspace       used 66161K, committed 66496K, reserved 1114112K
  class space    used 7827K, committed 8000K, reserved 1048576K
}
Event: 7.716 GC heap after
{Heap after GC invocations=25 (full 0):
 garbage-first heap   total 120832K, used 64132K [0x00000000ca200000, 0x0000000100000000)
  region size 1024K, 4 young (4096K), 4 survivors (4096K)
 Metaspace       used 66161K, committed 66496K, reserved 1114112K
  class space    used 7827K, committed 8000K, reserved 1048576K
}
Event: 8.845 GC heap before
{Heap before GC invocations=26 (full 0):
 garbage-first heap   total 120832K, used 95876K [0x00000000ca200000, 0x0000000100000000)
  region size 1024K, 34 young (34816K), 4 survivors (4096K)
 Metaspace       used 67323K, committed 67648K, reserved 1114112K
  class space    used 7877K, committed 8064K, reserved 1048576K
}
Event: 8.857 GC heap after
{Heap after GC invocations=27 (full 0):
 garbage-first heap   total 120832K, used 68154K [0x00000000ca200000, 0x0000000100000000)
  region size 1024K, 4 young (4096K), 4 survivors (4096K)
 Metaspace       used 67323K, committed 67648K, reserved 1114112K
  class space    used 7877K, committed 8064K, reserved 1048576K
}
Event: 8.890 GC heap before
{Heap before GC invocations=27 (full 0):
 garbage-first heap   total 120832K, used 69178K [0x00000000ca200000, 0x0000000100000000)
  region size 1024K, 5 young (5120K), 4 survivors (4096K)
 Metaspace       used 67335K, committed 67712K, reserved 1114112K
  class space    used 7877K, committed 8064K, reserved 1048576K
}
Event: 8.898 GC heap after
{Heap after GC invocations=28 (full 0):
 garbage-first heap   total 120832K, used 68032K [0x00000000ca200000, 0x0000000100000000)
  region size 1024K, 1 young (1024K), 1 survivors (1024K)
 Metaspace       used 67335K, committed 67712K, reserved 1114112K
  class space    used 7877K, committed 8064K, reserved 1048576K
}
Event: 10.114 GC heap before
{Heap before GC invocations=28 (full 0):
 garbage-first heap   total 120832K, used 96704K [0x00000000ca200000, 0x0000000100000000)
  region size 1024K, 29 young (29696K), 1 survivors (1024K)
 Metaspace       used 68692K, committed 68992K, reserved 1114112K
  class space    used 8038K, committed 8192K, reserved 1048576K
}
Event: 10.122 GC heap after
{Heap after GC invocations=29 (full 0):
 garbage-first heap   total 120832K, used 71151K [0x00000000ca200000, 0x0000000100000000)
  region size 1024K, 4 young (4096K), 4 survivors (4096K)
 Metaspace       used 68692K, committed 68992K, reserved 1114112K
  class space    used 8038K, committed 8192K, reserved 1048576K
}
Event: 10.677 GC heap before
{Heap before GC invocations=30 (full 0):
 garbage-first heap   total 126976K, used 96751K [0x00000000ca200000, 0x0000000100000000)
  region size 1024K, 29 young (29696K), 4 survivors (4096K)
 Metaspace       used 69685K, committed 69952K, reserved 1114112K
  class space    used 8126K, committed 8256K, reserved 1048576K
}
Event: 10.687 GC heap after
{Heap after GC invocations=31 (full 0):
 garbage-first heap   total 126976K, used 73709K [0x00000000ca200000, 0x0000000100000000)
  region size 1024K, 3 young (3072K), 3 survivors (3072K)
 Metaspace       used 69685K, committed 69952K, reserved 1114112K
  class space    used 8126K, committed 8256K, reserved 1048576K
}
Event: 10.749 GC heap before
{Heap before GC invocations=31 (full 0):
 garbage-first heap   total 126976K, used 75757K [0x00000000ca200000, 0x0000000100000000)
  region size 1024K, 6 young (6144K), 3 survivors (3072K)
 Metaspace       used 69848K, committed 70208K, reserved 1114112K
  class space    used 8145K, committed 8320K, reserved 1048576K
}
Event: 10.758 GC heap after
{Heap after GC invocations=32 (full 0):
 garbage-first heap   total 126976K, used 73674K [0x00000000ca200000, 0x0000000100000000)
  region size 1024K, 1 young (1024K), 1 survivors (1024K)
 Metaspace       used 69848K, committed 70208K, reserved 1114112K
  class space    used 8145K, committed 8320K, reserved 1048576K
}
Event: 11.288 GC heap before
{Heap before GC invocations=32 (full 0):
 garbage-first heap   total 126976K, used 101322K [0x00000000ca200000, 0x0000000100000000)
  region size 1024K, 28 young (28672K), 1 survivors (1024K)
 Metaspace       used 74528K, committed 74816K, reserved 1179648K
  class space    used 8642K, committed 8768K, reserved 1048576K
}

