# JRE version: OpenJDK Runtime Environment (17.0.7) (build 17.0.7+0-b2043.56-10550314)
# Java VM: OpenJDK 64-Bit Server VM (17.0.7+0-b2043.56-10550314, mixed mode, tiered, compressed oops, compressed class ptrs, g1 gc, windows-amd64)
GC Precious Log:
 CPUs: 4 total, 4 available
 Memory: 3445M
 Large Page Support: Disabled
 NUMA Support: Disabled
 Compressed Oops: Enabled (32-bit)
 Heap Region Size: 1M
 Heap Min Capacity: 8M
 Heap Initial Capacity: 54M
 Heap Max Capacity: 2G
 Pre-touch: Disabled
 Parallel Workers: 4
 Concurrent Workers: 1
 Concurrent Refinement Workers: 4
 Periodic GC: Disabled
Heap:
 garbage-first heap   total 278528K, used 166672K [0x0000000080000000, 0x0000000100000000)
  region size 1024K, 73 young (74752K), 7 survivors (7168K)
 Metaspace       used 99619K, committed 100352K, reserved 1179648K
  class space    used 13763K, committed 14144K, reserved 1048576K
GC Heap History (20 events):
Event: 23.642 GC heap before
{Heap before GC invocations=60 (full 0):
 garbage-first heap   total 132096K, used 90405K [0x0000000080000000, 0x0000000100000000)
  region size 1024K, 27 young (27648K), 5 survivors (5120K)
 Metaspace       used 70644K, committed 71232K, reserved 1114112K
  class space    used 9452K, committed 9728K, reserved 1048576K
}
Event: 23.651 GC heap after
{Heap after GC invocations=61 (full 0):
 garbage-first heap   total 132096K, used 70300K [0x0000000080000000, 0x0000000100000000)
  region size 1024K, 4 young (4096K), 4 survivors (4096K)
 Metaspace       used 70644K, committed 71232K, reserved 1114112K
  class space    used 9452K, committed 9728K, reserved 1048576K
}
Event: 25.049 GC heap before
{Heap before GC invocations=62 (full 0):
 garbage-first heap   total 132096K, used 110236K [0x0000000080000000, 0x0000000100000000)
  region size 1024K, 39 young (39936K), 4 survivors (4096K)
 Metaspace       used 74289K, committed 74944K, reserved 1114112K
  class space    used 9949K, committed 10240K, reserved 1048576K
}
Event: 25.157 GC heap after
{Heap after GC invocations=63 (full 0):
 garbage-first heap   total 132096K, used 76975K [0x0000000080000000, 0x0000000100000000)
  region size 1024K, 4 young (4096K), 4 survivors (4096K)
 Metaspace       used 74289K, committed 74944K, reserved 1114112K
  class space    used 9949K, committed 10240K, reserved 1048576K
}
Event: 25.265 GC heap before
{Heap before GC invocations=63 (full 0):
 garbage-first heap   total 132096K, used 79023K [0x0000000080000000, 0x0000000100000000)
  region size 1024K, 6 young (6144K), 4 survivors (4096K)
 Metaspace       used 74513K, committed 75136K, reserved 1114112K
  class space    used 9989K, committed 10240K, reserved 1048576K
}
Event: 25.275 GC heap after
{Heap after GC invocations=64 (full 0):
 garbage-first heap   total 184320K, used 77098K [0x0000000080000000, 0x0000000100000000)
  region size 1024K, 1 young (1024K), 1 survivors (1024K)
 Metaspace       used 74513K, committed 75136K, reserved 1114112K
  class space    used 9989K, committed 10240K, reserved 1048576K
}
Event: 26.725 GC heap before
{Heap before GC invocations=64 (full 0):
 garbage-first heap   total 184320K, used 125226K [0x0000000080000000, 0x0000000100000000)
  region size 1024K, 49 young (50176K), 1 survivors (1024K)
 Metaspace       used 78053K, committed 78592K, reserved 1179648K
  class space    used 10480K, committed 10752K, reserved 1048576K
}
Event: 26.743 GC heap after
{Heap after GC invocations=65 (full 0):
 garbage-first heap   total 184320K, used 81589K [0x0000000080000000, 0x0000000100000000)
  region size 1024K, 5 young (5120K), 5 survivors (5120K)
 Metaspace       used 78053K, committed 78592K, reserved 1179648K
  class space    used 10480K, committed 10752K, reserved 1048576K
}
Event: 29.405 GC heap before
{Heap before GC invocations=65 (full 0):
 garbage-first heap   total 184320K, used 148149K [0x0000000080000000, 0x0000000100000000)
  region size 1024K, 69 young (70656K), 5 survivors (5120K)
 Metaspace       used 81712K, committed 82304K, reserved 1179648K
  class space    used 11043K, committed 11328K, reserved 1048576K
}
Event: 29.443 GC heap after
{Heap after GC invocations=66 (full 0):
 garbage-first heap   total 184320K, used 84987K [0x0000000080000000, 0x0000000100000000)
  region size 1024K, 5 young (5120K), 5 survivors (5120K)
 Metaspace       used 81712K, committed 82304K, reserved 1179648K
  class space    used 11043K, committed 11328K, reserved 1048576K
}
Event: 32.617 GC heap before
{Heap before GC invocations=66 (full 0):
 garbage-first heap   total 184320K, used 143355K [0x0000000080000000, 0x0000000100000000)
  region size 1024K, 62 young (63488K), 5 survivors (5120K)
 Metaspace       used 86158K, committed 86848K, reserved 1179648K
  class space    used 11830K, committed 12160K, reserved 1048576K
}
Event: 32.660 GC heap after
{Heap after GC invocations=67 (full 0):
 garbage-first heap   total 184320K, used 87576K [0x0000000080000000, 0x0000000100000000)
  region size 1024K, 3 young (3072K), 3 survivors (3072K)
 Metaspace       used 86158K, committed 86848K, reserved 1179648K
  class space    used 11830K, committed 12160K, reserved 1048576K
}
Event: 36.036 GC heap before
{Heap before GC invocations=67 (full 0):
 garbage-first heap   total 184320K, used 147992K [0x0000000080000000, 0x0000000100000000)
  region size 1024K, 62 young (63488K), 3 survivors (3072K)
 Metaspace       used 90879K, committed 91456K, reserved 1179648K
  class space    used 12522K, committed 12800K, reserved 1048576K
}
Event: 36.082 GC heap after
{Heap after GC invocations=68 (full 0):
 garbage-first heap   total 184320K, used 90850K [0x0000000080000000, 0x0000000100000000)
  region size 1024K, 6 young (6144K), 6 survivors (6144K)
 Metaspace       used 90879K, committed 91456K, reserved 1179648K
  class space    used 12522K, committed 12800K, reserved 1048576K
}
Event: 39.453 GC heap before
{Heap before GC invocations=69 (full 0):
 garbage-first heap   total 184320K, used 150242K [0x0000000080000000, 0x0000000100000000)
  region size 1024K, 64 young (65536K), 6 survivors (6144K)
 Metaspace       used 96064K, committed 96704K, reserved 1179648K
  class space    used 13257K, committed 13568K, reserved 1048576K
}
Event: 39.529 GC heap after
{Heap after GC invocations=70 (full 0):
 garbage-first heap   total 184320K, used 94455K [0x0000000080000000, 0x0000000100000000)
  region size 1024K, 7 young (7168K), 7 survivors (7168K)
 Metaspace       used 96064K, committed 96704K, reserved 1179648K
  class space    used 13257K, committed 13568K, reserved 1048576K
}
Event: 40.020 GC heap before
{Heap before GC invocations=70 (full 0):
 garbage-first heap   total 184320K, used 96503K [0x0000000080000000, 0x0000000100000000)
  region size 1024K, 9 young (9216K), 7 survivors (7168K)
 Metaspace       used 96143K, committed 96832K, reserved 1179648K
  class space    used 13268K, committed 13632K, reserved 1048576K
}
Event: 40.062 GC heap after
{Heap after GC invocations=71 (full 0):
 garbage-first heap   total 184320K, used 94113K [0x0000000080000000, 0x0000000100000000)
  region size 1024K, 1 young (1024K), 1 survivors (1024K)
 Metaspace       used 96143K, committed 96832K, reserved 1179648K
  class space    used 13268K, committed 13632K, reserved 1048576K
}
Event: 43.367 GC heap before
{Heap before GC invocations=71 (full 0):
 garbage-first heap   total 184320K, used 152481K [0x0000000080000000, 0x0000000100000000)
  region size 1024K, 58 young (59392K), 1 survivors (1024K)
 Metaspace       used 97868K, committed 98624K, reserved 1179648K
  class space    used 13505K, committed 13888K, reserved 1048576K
}
Event: 43.441 GC heap after
{Heap after GC invocations=72 (full 0):
 garbage-first heap   total 278528K, used 100112K [0x0000000080000000, 0x0000000100000000)
  region size 1024K, 7 young (7168K), 7 survivors (7168K)
 Metaspace       used 97868K, committed 98624K, reserved 1179648K
  class space    used 13505K, committed 13888K, reserved 1048576K
}

