# JRE version: OpenJDK Runtime Environment (17.0.7) (build 17.0.7+0-b2043.56-10550314)
# Java VM: OpenJDK 64-Bit Server VM (17.0.7+0-b2043.56-10550314, mixed mode, tiered, compressed oops, compressed class ptrs, g1 gc, windows-amd64)
GC Precious Log:
 CPUs: 4 total, 4 available
 Memory: 3445M
 Large Page Support: Disabled
 NUMA Support: Disabled
 Compressed Oops: Enabled (32-bit)
 Heap Region Size: 1M
 Heap Min Capacity: 8M
 Heap Initial Capacity: 54M
 Heap Max Capacity: 2G
 Pre-touch: Disabled
 Parallel Workers: 4
 Concurrent Workers: 1
 Concurrent Refinement Workers: 4
 Periodic GC: Disabled
Heap:
 garbage-first heap   total 406528K, used 169759K [0x0000000080000000, 0x0000000100000000)
  region size 1024K, 7 young (7168K), 7 survivors (7168K)
 Metaspace       used 128866K, committed 129792K, reserved 1179648K
  class space    used 17723K, committed 18176K, reserved 1048576K
GC Heap History (20 events):
Event: 17.394 GC heap after
{Heap after GC invocations=39 (full 0):
 garbage-first heap   total 218112K, used 91136K [0x0000000080000000, 0x0000000100000000)
  region size 1024K, 5 young (5120K), 5 survivors (5120K)
 Metaspace       used 93338K, committed 94016K, reserved 1179648K
  class space    used 12928K, committed 13312K, reserved 1048576K
}
Event: 19.288 GC heap before
{Heap before GC invocations=40 (full 0):
 garbage-first heap   total 218112K, used 178176K [0x0000000080000000, 0x0000000100000000)
  region size 1024K, 90 young (92160K), 5 survivors (5120K)
 Metaspace       used 97432K, committed 98176K, reserved 1179648K
  class space    used 13449K, committed 13824K, reserved 1048576K
}
Event: 19.317 GC heap after
{Heap after GC invocations=41 (full 0):
 garbage-first heap   total 218112K, used 99640K [0x0000000080000000, 0x0000000100000000)
  region size 1024K, 12 young (12288K), 12 survivors (12288K)
 Metaspace       used 97432K, committed 98176K, reserved 1179648K
  class space    used 13449K, committed 13824K, reserved 1048576K
}
Event: 19.335 GC heap before
{Heap before GC invocations=41 (full 0):
 garbage-first heap   total 218112K, used 100664K [0x0000000080000000, 0x0000000100000000)
  region size 1024K, 13 young (13312K), 12 survivors (12288K)
 Metaspace       used 97432K, committed 98176K, reserved 1179648K
  class space    used 13449K, committed 13824K, reserved 1048576K
}
Event: 19.349 GC heap after
{Heap after GC invocations=42 (full 0):
 garbage-first heap   total 218112K, used 100947K [0x0000000080000000, 0x0000000100000000)
  region size 1024K, 2 young (2048K), 2 survivors (2048K)
 Metaspace       used 97432K, committed 98176K, reserved 1179648K
  class space    used 13449K, committed 13824K, reserved 1048576K
}
Event: 41.100 GC heap before
{Heap before GC invocations=42 (full 0):
 garbage-first heap   total 218112K, used 175699K [0x0000000080000000, 0x0000000100000000)
  region size 1024K, 76 young (77824K), 2 survivors (2048K)
 Metaspace       used 98814K, committed 99584K, reserved 1179648K
  class space    used 13609K, committed 13952K, reserved 1048576K
}
Event: 41.254 GC heap after
{Heap after GC invocations=43 (full 0):
 garbage-first heap   total 475136K, used 107633K [0x0000000080000000, 0x0000000100000000)
  region size 1024K, 9 young (9216K), 9 survivors (9216K)
 Metaspace       used 98814K, committed 99584K, reserved 1179648K
  class space    used 13609K, committed 13952K, reserved 1048576K
}
Event: 47.464 GC heap before
{Heap before GC invocations=44 (full 0):
 garbage-first heap   total 406528K, used 369777K [0x0000000080000000, 0x0000000100000000)
  region size 1024K, 267 young (273408K), 9 survivors (9216K)
 Metaspace       used 101580K, committed 102336K, reserved 1179648K
  class space    used 13958K, committed 14336K, reserved 1048576K
}
Event: 47.882 GC heap after
{Heap after GC invocations=45 (full 0):
 garbage-first heap   total 406528K, used 128941K [0x0000000080000000, 0x0000000100000000)
  region size 1024K, 30 young (30720K), 30 survivors (30720K)
 Metaspace       used 101580K, committed 102336K, reserved 1179648K
  class space    used 13958K, committed 14336K, reserved 1048576K
}
Event: 47.906 GC heap before
{Heap before GC invocations=45 (full 0):
 garbage-first heap   total 406528K, used 129965K [0x0000000080000000, 0x0000000100000000)
  region size 1024K, 31 young (31744K), 30 survivors (30720K)
 Metaspace       used 101580K, committed 102336K, reserved 1179648K
  class space    used 13958K, committed 14336K, reserved 1048576K
}
Event: 47.987 GC heap after
{Heap after GC invocations=46 (full 0):
 garbage-first heap   total 406528K, used 129885K [0x0000000080000000, 0x0000000100000000)
  region size 1024K, 2 young (2048K), 2 survivors (2048K)
 Metaspace       used 101580K, committed 102336K, reserved 1179648K
  class space    used 13958K, committed 14336K, reserved 1048576K
}
Event: 52.656 GC heap before
{Heap before GC invocations=46 (full 0):
 garbage-first heap   total 406528K, used 319325K [0x0000000080000000, 0x0000000100000000)
  region size 1024K, 188 young (192512K), 2 survivors (2048K)
 Metaspace       used 105492K, committed 106240K, reserved 1179648K
  class space    used 14473K, committed 14848K, reserved 1048576K
}
Event: 52.800 GC heap after
{Heap after GC invocations=47 (full 0):
 garbage-first heap   total 406528K, used 141037K [0x0000000080000000, 0x0000000100000000)
  region size 1024K, 13 young (13312K), 13 survivors (13312K)
 Metaspace       used 105492K, committed 106240K, reserved 1179648K
  class space    used 14473K, committed 14848K, reserved 1048576K
}
Event: 56.930 GC heap before
{Heap before GC invocations=47 (full 0):
 garbage-first heap   total 406528K, used 289517K [0x0000000080000000, 0x0000000100000000)
  region size 1024K, 159 young (162816K), 13 survivors (13312K)
 Metaspace       used 106548K, committed 107392K, reserved 1179648K
  class space    used 14650K, committed 15104K, reserved 1048576K
}
Event: 57.113 GC heap after
{Heap after GC invocations=48 (full 0):
 garbage-first heap   total 406528K, used 146989K [0x0000000080000000, 0x0000000100000000)
  region size 1024K, 8 young (8192K), 8 survivors (8192K)
 Metaspace       used 106548K, committed 107392K, reserved 1179648K
  class space    used 14650K, committed 15104K, reserved 1048576K
}
Event: 121.796 GC heap before
{Heap before GC invocations=48 (full 0):
 garbage-first heap   total 406528K, used 321069K [0x0000000080000000, 0x0000000100000000)
  region size 1024K, 174 young (178176K), 8 survivors (8192K)
 Metaspace       used 113748K, committed 114624K, reserved 1179648K
  class space    used 15585K, committed 16000K, reserved 1048576K
}
Event: 121.995 GC heap after
{Heap after GC invocations=49 (full 0):
 garbage-first heap   total 406528K, used 153133K [0x0000000080000000, 0x0000000100000000)
  region size 1024K, 14 young (14336K), 14 survivors (14336K)
 Metaspace       used 113748K, committed 114624K, reserved 1179648K
  class space    used 15585K, committed 16000K, reserved 1048576K
}
Event: 123.571 GC heap before
{Heap before GC invocations=49 (full 0):
 garbage-first heap   total 406528K, used 219693K [0x0000000080000000, 0x0000000100000000)
  region size 1024K, 80 young (81920K), 14 survivors (14336K)
 Metaspace       used 121915K, committed 122880K, reserved 1179648K
  class space    used 16843K, committed 17344K, reserved 1048576K
}
Event: 123.620 GC heap after
{Heap after GC invocations=50 (full 0):
 garbage-first heap   total 406528K, used 156390K [0x0000000080000000, 0x0000000100000000)
  region size 1024K, 4 young (4096K), 4 survivors (4096K)
 Metaspace       used 121915K, committed 122880K, reserved 1179648K
  class space    used 16843K, committed 17344K, reserved 1048576K
}
Event: 128.511 GC heap before
{Heap before GC invocations=50 (full 0):
 garbage-first heap   total 406528K, used 330470K [0x0000000080000000, 0x0000000100000000)
  region size 1024K, 139 young (142336K), 4 survivors (4096K)
 Metaspace       used 128866K, committed 129792K, reserved 1179648K
  class space    used 17723K, committed 18176K, reserved 1048576K
}

