# JRE version: OpenJDK Runtime Environment (17.0.7) (build 17.0.7+0-b2043.56-10550314)
# Java VM: OpenJDK 64-Bit Server VM (17.0.7+0-b2043.56-10550314, mixed mode, tiered, compressed oops, compressed class ptrs, g1 gc, windows-amd64)
GC Precious Log:
 CPUs: 4 total, 4 available
 Memory: 3445M
 Large Page Support: Disabled
 NUMA Support: Disabled
 Compressed Oops: Enabled (32-bit)
 Heap Region Size: 1M
 Heap Min Capacity: 8M
 Heap Initial Capacity: 54M
 Heap Max Capacity: 2G
 Pre-touch: Disabled
 Parallel Workers: 4
 Concurrent Workers: 1
 Concurrent Refinement Workers: 4
 Periodic GC: Disabled
Heap:
 garbage-first heap   total 193536K, used 119808K [0x0000000080000000, 0x0000000100000000)
  region size 1024K, 6 young (6144K), 6 survivors (6144K)
 Metaspace       used 100836K, committed 101568K, reserved 1179648K
  class space    used 13911K, committed 14272K, reserved 1048576K
GC Heap History (20 events):
Event: 14.140 GC heap after
{Heap after GC invocations=35 (full 0):
 garbage-first heap   total 158720K, used 78645K [0x0000000080000000, 0x0000000100000000)
  region size 1024K, 6 young (6144K), 6 survivors (6144K)
 Metaspace       used 77396K, committed 78016K, reserved 1179648K
  class space    used 10400K, committed 10688K, reserved 1048576K
}
Event: 14.753 GC heap before
{Heap before GC invocations=35 (full 0):
 garbage-first heap   total 158720K, used 124725K [0x0000000080000000, 0x0000000100000000)
  region size 1024K, 51 young (52224K), 6 survivors (6144K)
 Metaspace       used 79198K, committed 79808K, reserved 1179648K
  class space    used 10634K, committed 10944K, reserved 1048576K
}
Event: 14.768 GC heap after
{Heap after GC invocations=36 (full 0):
 garbage-first heap   total 158720K, used 82767K [0x0000000080000000, 0x0000000100000000)
  region size 1024K, 7 young (7168K), 7 survivors (7168K)
 Metaspace       used 79198K, committed 79808K, reserved 1179648K
  class space    used 10634K, committed 10944K, reserved 1048576K
}
Event: 15.950 GC heap before
{Heap before GC invocations=37 (full 0):
 garbage-first heap   total 160768K, used 126799K [0x0000000080000000, 0x0000000100000000)
  region size 1024K, 49 young (50176K), 7 survivors (7168K)
 Metaspace       used 82318K, committed 82944K, reserved 1179648K
  class space    used 11193K, committed 11520K, reserved 1048576K
}
Event: 15.969 GC heap after
{Heap after GC invocations=38 (full 0):
 garbage-first heap   total 160768K, used 84795K [0x0000000080000000, 0x0000000100000000)
  region size 1024K, 2 young (2048K), 2 survivors (2048K)
 Metaspace       used 82318K, committed 82944K, reserved 1179648K
  class space    used 11193K, committed 11520K, reserved 1048576K
}
Event: 16.068 GC heap before
{Heap before GC invocations=38 (full 0):
 garbage-first heap   total 160768K, used 89915K [0x0000000080000000, 0x0000000100000000)
  region size 1024K, 7 young (7168K), 2 survivors (2048K)
 Metaspace       used 82759K, committed 83328K, reserved 1179648K
  class space    used 11298K, committed 11584K, reserved 1048576K
}
Event: 16.077 GC heap after
{Heap after GC invocations=39 (full 0):
 garbage-first heap   total 193536K, used 84347K [0x0000000080000000, 0x0000000100000000)
  region size 1024K, 1 young (1024K), 1 survivors (1024K)
 Metaspace       used 82759K, committed 83328K, reserved 1179648K
  class space    used 11298K, committed 11584K, reserved 1048576K
}
Event: 17.602 GC heap before
{Heap before GC invocations=39 (full 0):
 garbage-first heap   total 193536K, used 155003K [0x0000000080000000, 0x0000000100000000)
  region size 1024K, 70 young (71680K), 1 survivors (1024K)
 Metaspace       used 88021K, committed 88640K, reserved 1179648K
  class space    used 12135K, committed 12416K, reserved 1048576K
}
Event: 17.608 GC heap after
{Heap after GC invocations=40 (full 0):
 garbage-first heap   total 193536K, used 87412K [0x0000000080000000, 0x0000000100000000)
  region size 1024K, 4 young (4096K), 4 survivors (4096K)
 Metaspace       used 88021K, committed 88640K, reserved 1179648K
  class space    used 12135K, committed 12416K, reserved 1048576K
}
Event: 19.148 GC heap before
{Heap before GC invocations=40 (full 0):
 garbage-first heap   total 193536K, used 156020K [0x0000000080000000, 0x0000000100000000)
  region size 1024K, 71 young (72704K), 4 survivors (4096K)
 Metaspace       used 94627K, committed 95296K, reserved 1179648K
  class space    used 13084K, committed 13440K, reserved 1048576K
}
Event: 19.169 GC heap after
{Heap after GC invocations=41 (full 0):
 garbage-first heap   total 193536K, used 91254K [0x0000000080000000, 0x0000000100000000)
  region size 1024K, 8 young (8192K), 8 survivors (8192K)
 Metaspace       used 94627K, committed 95296K, reserved 1179648K
  class space    used 13084K, committed 13440K, reserved 1048576K
}
Event: 24.027 GC heap before
{Heap before GC invocations=41 (full 0):
 garbage-first heap   total 193536K, used 157814K [0x0000000080000000, 0x0000000100000000)
  region size 1024K, 73 young (74752K), 8 survivors (8192K)
 Metaspace       used 97432K, committed 98176K, reserved 1179648K
  class space    used 13447K, committed 13824K, reserved 1048576K
}
Event: 24.337 GC heap after
{Heap after GC invocations=42 (full 0):
 garbage-first heap   total 193536K, used 97999K [0x0000000080000000, 0x0000000100000000)
  region size 1024K, 10 young (10240K), 10 survivors (10240K)
 Metaspace       used 97432K, committed 98176K, reserved 1179648K
  class space    used 13447K, committed 13824K, reserved 1048576K
}
Event: 61.239 GC heap before
{Heap before GC invocations=42 (full 0):
 garbage-first heap   total 193536K, used 158415K [0x0000000080000000, 0x0000000100000000)
  region size 1024K, 69 young (70656K), 10 survivors (10240K)
 Metaspace       used 98520K, committed 99200K, reserved 1179648K
  class space    used 13604K, committed 13952K, reserved 1048576K
}
Event: 61.513 GC heap after
{Heap after GC invocations=43 (full 0):
 garbage-first heap   total 193536K, used 105765K [0x0000000080000000, 0x0000000100000000)
  region size 1024K, 8 young (8192K), 8 survivors (8192K)
 Metaspace       used 98520K, committed 99200K, reserved 1179648K
  class space    used 13604K, committed 13952K, reserved 1048576K
}
Event: 70.676 GC heap before
{Heap before GC invocations=44 (full 0):
 garbage-first heap   total 193536K, used 156965K [0x0000000080000000, 0x0000000100000000)
  region size 1024K, 59 young (60416K), 8 survivors (8192K)
 Metaspace       used 99884K, committed 100672K, reserved 1179648K
  class space    used 13756K, committed 14144K, reserved 1048576K
}
Event: 70.875 GC heap after
{Heap after GC invocations=45 (full 0):
 garbage-first heap   total 193536K, used 112640K [0x0000000080000000, 0x0000000100000000)
  region size 1024K, 7 young (7168K), 7 survivors (7168K)
 Metaspace       used 99884K, committed 100672K, reserved 1179648K
  class space    used 13756K, committed 14144K, reserved 1048576K
}
Event: 71.082 GC heap before
{Heap before GC invocations=45 (full 0):
 garbage-first heap   total 193536K, used 114688K [0x0000000080000000, 0x0000000100000000)
  region size 1024K, 9 young (9216K), 7 survivors (7168K)
 Metaspace       used 100068K, committed 100800K, reserved 1179648K
  class space    used 13801K, committed 14144K, reserved 1048576K
}
Event: 71.144 GC heap after
{Heap after GC invocations=46 (full 0):
 garbage-first heap   total 193536K, used 112970K [0x0000000080000000, 0x0000000100000000)
  region size 1024K, 2 young (2048K), 2 survivors (2048K)
 Metaspace       used 100068K, committed 100800K, reserved 1179648K
  class space    used 13801K, committed 14144K, reserved 1048576K
}
Event: 75.483 GC heap before
{Heap before GC invocations=46 (full 0):
 garbage-first heap   total 193536K, used 159050K [0x0000000080000000, 0x0000000100000000)
  region size 1024K, 47 young (48128K), 2 survivors (2048K)
 Metaspace       used 100836K, committed 101568K, reserved 1179648K
  class space    used 13911K, committed 14272K, reserved 1048576K
}

