# JRE version: OpenJDK Runtime Environment (17.0.7) (build 17.0.7+0-b2043.56-10550314)
# Java VM: OpenJDK 64-Bit Server VM (17.0.7+0-b2043.56-10550314, mixed mode, tiered, compressed oops, compressed class ptrs, g1 gc, windows-amd64)
GC Precious Log:
 CPUs: 4 total, 4 available
 Memory: 3445M
 Large Page Support: Disabled
 NUMA Support: Disabled
 Compressed Oops: Enabled (32-bit)
 Heap Region Size: 1M
 Heap Min Capacity: 8M
 Heap Initial Capacity: 54M
 Heap Max Capacity: 862M
 Pre-touch: Disabled
 Parallel Workers: 4
 Concurrent Workers: 1
 Concurrent Refinement Workers: 4
 Periodic GC: Disabled
Heap:
 garbage-first heap   total 121856K, used 75292K [0x00000000ca200000, 0x0000000100000000)
  region size 1024K, 3 young (3072K), 3 survivors (3072K)
 Metaspace       used 70780K, committed 71104K, reserved 1114112K
  class space    used 8250K, committed 8384K, reserved 1048576K
GC Heap History (20 events):
Event: 5.238 GC heap after
{Heap after GC invocations=23 (full 0):
 garbage-first heap   total 120832K, used 41984K [0x00000000ca200000, 0x0000000100000000)
  region size 1024K, 3 young (3072K), 3 survivors (3072K)
 Metaspace       used 56184K, committed 56448K, reserved 1114112K
  class space    used 6705K, committed 6784K, reserved 1048576K
}
Event: 5.764 GC heap before
{Heap before GC invocations=24 (full 0):
 garbage-first heap   total 120832K, used 84992K [0x00000000ca200000, 0x0000000100000000)
  region size 1024K, 45 young (46080K), 3 survivors (3072K)
 Metaspace       used 56867K, committed 57152K, reserved 1114112K
  class space    used 6743K, committed 6848K, reserved 1048576K
}
Event: 5.784 GC heap after
{Heap after GC invocations=25 (full 0):
 garbage-first heap   total 120832K, used 49587K [0x00000000ca200000, 0x0000000100000000)
  region size 1024K, 6 young (6144K), 6 survivors (6144K)
 Metaspace       used 56867K, committed 57152K, reserved 1114112K
  class space    used 6743K, committed 6848K, reserved 1048576K
}
Event: 5.788 GC heap before
{Heap before GC invocations=25 (full 0):
 garbage-first heap   total 120832K, used 50611K [0x00000000ca200000, 0x0000000100000000)
  region size 1024K, 7 young (7168K), 6 survivors (6144K)
 Metaspace       used 56869K, committed 57152K, reserved 1114112K
  class space    used 6743K, committed 6848K, reserved 1048576K
}
Event: 5.798 GC heap after
{Heap after GC invocations=26 (full 0):
 garbage-first heap   total 120832K, used 50545K [0x00000000ca200000, 0x0000000100000000)
  region size 1024K, 1 young (1024K), 1 survivors (1024K)
 Metaspace       used 56869K, committed 57152K, reserved 1114112K
  class space    used 6743K, committed 6848K, reserved 1048576K
}
Event: 5.883 GC heap before
{Heap before GC invocations=26 (full 0):
 garbage-first heap   total 120832K, used 86385K [0x00000000ca200000, 0x0000000100000000)
  region size 1024K, 36 young (36864K), 1 survivors (1024K)
 Metaspace       used 57077K, committed 57344K, reserved 1114112K
  class space    used 6762K, committed 6848K, reserved 1048576K
}
Event: 5.885 GC heap after
{Heap after GC invocations=27 (full 0):
 garbage-first heap   total 120832K, used 50688K [0x00000000ca200000, 0x0000000100000000)
  region size 1024K, 2 young (2048K), 2 survivors (2048K)
 Metaspace       used 57077K, committed 57344K, reserved 1114112K
  class space    used 6762K, committed 6848K, reserved 1048576K
}
Event: 6.411 GC heap before
{Heap before GC invocations=27 (full 0):
 garbage-first heap   total 120832K, used 88576K [0x00000000ca200000, 0x0000000100000000)
  region size 1024K, 39 young (39936K), 2 survivors (2048K)
 Metaspace       used 60965K, committed 61248K, reserved 1114112K
  class space    used 7337K, committed 7488K, reserved 1048576K
}
Event: 6.419 GC heap after
{Heap after GC invocations=28 (full 0):
 garbage-first heap   total 120832K, used 53503K [0x00000000ca200000, 0x0000000100000000)
  region size 1024K, 4 young (4096K), 4 survivors (4096K)
 Metaspace       used 60965K, committed 61248K, reserved 1114112K
  class space    used 7337K, committed 7488K, reserved 1048576K
}
Event: 7.407 GC heap before
{Heap before GC invocations=28 (full 0):
 garbage-first heap   total 120832K, used 92415K [0x00000000ca200000, 0x0000000100000000)
  region size 1024K, 42 young (43008K), 4 survivors (4096K)
 Metaspace       used 64128K, committed 64448K, reserved 1114112K
  class space    used 7689K, committed 7872K, reserved 1048576K
}
Event: 7.425 GC heap after
{Heap after GC invocations=29 (full 0):
 garbage-first heap   total 120832K, used 60689K [0x00000000ca200000, 0x0000000100000000)
  region size 1024K, 6 young (6144K), 6 survivors (6144K)
 Metaspace       used 64128K, committed 64448K, reserved 1114112K
  class space    used 7689K, committed 7872K, reserved 1048576K
}
Event: 8.408 GC heap before
{Heap before GC invocations=29 (full 0):
 garbage-first heap   total 120832K, used 94481K [0x00000000ca200000, 0x0000000100000000)
  region size 1024K, 38 young (38912K), 6 survivors (6144K)
 Metaspace       used 66448K, committed 66752K, reserved 1114112K
  class space    used 7824K, committed 8000K, reserved 1048576K
}
Event: 8.424 GC heap after
{Heap after GC invocations=30 (full 0):
 garbage-first heap   total 120832K, used 64874K [0x00000000ca200000, 0x0000000100000000)
  region size 1024K, 4 young (4096K), 4 survivors (4096K)
 Metaspace       used 66448K, committed 66752K, reserved 1114112K
  class space    used 7824K, committed 8000K, reserved 1048576K
}
Event: 9.492 GC heap before
{Heap before GC invocations=30 (full 0):
 garbage-first heap   total 120832K, used 95594K [0x00000000ca200000, 0x0000000100000000)
  region size 1024K, 34 young (34816K), 4 survivors (4096K)
 Metaspace       used 67820K, committed 68096K, reserved 1114112K
  class space    used 7895K, committed 8064K, reserved 1048576K
}
Event: 9.506 GC heap after
{Heap after GC invocations=31 (full 0):
 garbage-first heap   total 120832K, used 69120K [0x00000000ca200000, 0x0000000100000000)
  region size 1024K, 4 young (4096K), 4 survivors (4096K)
 Metaspace       used 67820K, committed 68096K, reserved 1114112K
  class space    used 7895K, committed 8064K, reserved 1048576K
}
Event: 10.183 GC heap before
{Heap before GC invocations=32 (full 0):
 garbage-first heap   total 121856K, used 96768K [0x00000000ca200000, 0x0000000100000000)
  region size 1024K, 31 young (31744K), 4 survivors (4096K)
 Metaspace       used 68964K, committed 69312K, reserved 1114112K
  class space    used 8053K, committed 8192K, reserved 1048576K
}
Event: 10.193 GC heap after
{Heap after GC invocations=33 (full 0):
 garbage-first heap   total 121856K, used 73308K [0x00000000ca200000, 0x0000000100000000)
  region size 1024K, 4 young (4096K), 4 survivors (4096K)
 Metaspace       used 68964K, committed 69312K, reserved 1114112K
  class space    used 8053K, committed 8192K, reserved 1048576K
}
Event: 10.195 GC heap before
{Heap before GC invocations=33 (full 0):
 garbage-first heap   total 121856K, used 74332K [0x00000000ca200000, 0x0000000100000000)
  region size 1024K, 5 young (5120K), 4 survivors (4096K)
 Metaspace       used 68964K, committed 69312K, reserved 1114112K
  class space    used 8053K, committed 8192K, reserved 1048576K
}
Event: 10.202 GC heap after
{Heap after GC invocations=34 (full 0):
 garbage-first heap   total 121856K, used 73379K [0x00000000ca200000, 0x0000000100000000)
  region size 1024K, 1 young (1024K), 1 survivors (1024K)
 Metaspace       used 68964K, committed 69312K, reserved 1114112K
  class space    used 8053K, committed 8192K, reserved 1048576K
}
Event: 10.673 GC heap before
{Heap before GC invocations=34 (full 0):
 garbage-first heap   total 121856K, used 97955K [0x00000000ca200000, 0x0000000100000000)
  region size 1024K, 26 young (26624K), 1 survivors (1024K)
 Metaspace       used 70780K, committed 71104K, reserved 1114112K
  class space    used 8250K, committed 8384K, reserved 1048576K
}

