# JRE version: OpenJDK Runtime Environment (17.0.7) (build 17.0.7+0-b2043.56-10550314)
# Java VM: OpenJDK 64-Bit Server VM (17.0.7+0-b2043.56-10550314, mixed mode, tiered, compressed oops, compressed class ptrs, g1 gc, windows-amd64)
GC Precious Log:
 CPUs: 4 total, 4 available
 Memory: 3445M
 Large Page Support: Disabled
 NUMA Support: Disabled
 Compressed Oops: Enabled (32-bit)
 Heap Region Size: 1M
 Heap Min Capacity: 8M
 Heap Initial Capacity: 54M
 Heap Max Capacity: 862M
 Pre-touch: Disabled
 Parallel Workers: 4
 Concurrent Workers: 1
 Concurrent Refinement Workers: 4
 Periodic GC: Disabled
Heap:
 garbage-first heap   total 171008K, used 90387K [0x00000000ca200000, 0x0000000100000000)
  region size 1024K, 32 young (32768K), 2 survivors (2048K)
 Metaspace       used 64212K, committed 64512K, reserved 1114112K
  class space    used 7686K, committed 7808K, reserved 1048576K
GC Heap History (20 events):
Event: 3.673 GC heap before
{Heap before GC invocations=15 (full 0):
 garbage-first heap   total 52224K, used 29565K [0x00000000ca200000, 0x0000000100000000)
  region size 1024K, 3 young (3072K), 2 survivors (2048K)
 Metaspace       used 47812K, committed 48064K, reserved 1114112K
  class space    used 5841K, committed 5952K, reserved 1048576K
}
Event: 3.678 GC heap after
{Heap after GC invocations=16 (full 0):
 garbage-first heap   total 63488K, used 29138K [0x00000000ca200000, 0x0000000100000000)
  region size 1024K, 1 young (1024K), 1 survivors (1024K)
 Metaspace       used 47812K, committed 48064K, reserved 1114112K
  class space    used 5841K, committed 5952K, reserved 1048576K
}
Event: 4.055 GC heap before
{Heap before GC invocations=16 (full 0):
 garbage-first heap   total 63488K, used 47570K [0x00000000ca200000, 0x0000000100000000)
  region size 1024K, 19 young (19456K), 1 survivors (1024K)
 Metaspace       used 49991K, committed 50240K, reserved 1114112K
  class space    used 6093K, committed 6208K, reserved 1048576K
}
Event: 4.062 GC heap after
{Heap after GC invocations=17 (full 0):
 garbage-first heap   total 63488K, used 33102K [0x00000000ca200000, 0x0000000100000000)
  region size 1024K, 3 young (3072K), 3 survivors (3072K)
 Metaspace       used 49991K, committed 50240K, reserved 1114112K
  class space    used 6093K, committed 6208K, reserved 1048576K
}
Event: 4.289 GC heap before
{Heap before GC invocations=18 (full 0):
 garbage-first heap   total 63488K, used 46414K [0x00000000ca200000, 0x0000000100000000)
  region size 1024K, 17 young (17408K), 3 survivors (3072K)
 Metaspace       used 51140K, committed 51456K, reserved 1114112K
  class space    used 6243K, committed 6400K, reserved 1048576K
}
Event: 4.297 GC heap after
{Heap after GC invocations=19 (full 0):
 garbage-first heap   total 63488K, used 36800K [0x00000000ca200000, 0x0000000100000000)
  region size 1024K, 3 young (3072K), 3 survivors (3072K)
 Metaspace       used 51140K, committed 51456K, reserved 1114112K
  class space    used 6243K, committed 6400K, reserved 1048576K
}
Event: 4.423 GC heap before
{Heap before GC invocations=19 (full 0):
 garbage-first heap   total 63488K, used 48064K [0x00000000ca200000, 0x0000000100000000)
  region size 1024K, 15 young (15360K), 3 survivors (3072K)
 Metaspace       used 51313K, committed 51584K, reserved 1114112K
  class space    used 6252K, committed 6400K, reserved 1048576K
}
Event: 4.429 GC heap after
{Heap after GC invocations=20 (full 0):
 garbage-first heap   total 63488K, used 39184K [0x00000000ca200000, 0x0000000100000000)
  region size 1024K, 2 young (2048K), 2 survivors (2048K)
 Metaspace       used 51313K, committed 51584K, reserved 1114112K
  class space    used 6252K, committed 6400K, reserved 1048576K
}
Event: 4.628 GC heap before
{Heap before GC invocations=21 (full 0):
 garbage-first heap   total 68608K, used 47376K [0x00000000ca200000, 0x0000000100000000)
  region size 1024K, 11 young (11264K), 2 survivors (2048K)
 Metaspace       used 51404K, committed 51712K, reserved 1114112K
  class space    used 6252K, committed 6400K, reserved 1048576K
}
Event: 4.631 GC heap after
{Heap after GC invocations=22 (full 0):
 garbage-first heap   total 68608K, used 40711K [0x00000000ca200000, 0x0000000100000000)
  region size 1024K, 2 young (2048K), 2 survivors (2048K)
 Metaspace       used 51404K, committed 51712K, reserved 1114112K
  class space    used 6252K, committed 6400K, reserved 1048576K
}
Event: 4.663 GC heap before
{Heap before GC invocations=22 (full 0):
 garbage-first heap   total 68608K, used 52999K [0x00000000ca200000, 0x0000000100000000)
  region size 1024K, 14 young (14336K), 2 survivors (2048K)
 Metaspace       used 51413K, committed 51712K, reserved 1114112K
  class space    used 6252K, committed 6400K, reserved 1048576K
}
Event: 4.669 GC heap after
{Heap after GC invocations=23 (full 0):
 garbage-first heap   total 68608K, used 44032K [0x00000000ca200000, 0x0000000100000000)
  region size 1024K, 2 young (2048K), 2 survivors (2048K)
 Metaspace       used 51413K, committed 51712K, reserved 1114112K
  class space    used 6252K, committed 6400K, reserved 1048576K
}
Event: 4.702 GC heap before
{Heap before GC invocations=24 (full 0):
 garbage-first heap   total 80896K, used 54272K [0x00000000ca200000, 0x0000000100000000)
  region size 1024K, 12 young (12288K), 2 survivors (2048K)
 Metaspace       used 51424K, committed 51712K, reserved 1114112K
  class space    used 6252K, committed 6400K, reserved 1048576K
}
Event: 4.705 GC heap after
{Heap after GC invocations=25 (full 0):
 garbage-first heap   total 80896K, used 44846K [0x00000000ca200000, 0x0000000100000000)
  region size 1024K, 1 young (1024K), 1 survivors (1024K)
 Metaspace       used 51424K, committed 51712K, reserved 1114112K
  class space    used 6252K, committed 6400K, reserved 1048576K
}
Event: 4.880 GC heap before
{Heap before GC invocations=25 (full 0):
 garbage-first heap   total 80896K, used 62254K [0x00000000ca200000, 0x0000000100000000)
  region size 1024K, 18 young (18432K), 1 survivors (1024K)
 Metaspace       used 52495K, committed 52736K, reserved 1114112K
  class space    used 6393K, committed 6528K, reserved 1048576K
}
Event: 4.887 GC heap after
{Heap after GC invocations=26 (full 0):
 garbage-first heap   total 188416K, used 47156K [0x00000000ca200000, 0x0000000100000000)
  region size 1024K, 3 young (3072K), 3 survivors (3072K)
 Metaspace       used 52495K, committed 52736K, reserved 1114112K
  class space    used 6393K, committed 6528K, reserved 1048576K
}
Event: 6.633 GC heap before
{Heap before GC invocations=27 (full 0):
 garbage-first heap   total 171008K, used 132148K [0x00000000ca200000, 0x0000000100000000)
  region size 1024K, 86 young (88064K), 3 survivors (3072K)
 Metaspace       used 59038K, committed 59328K, reserved 1114112K
  class space    used 6996K, committed 7168K, reserved 1048576K
}
Event: 6.653 GC heap after
{Heap after GC invocations=28 (full 0):
 garbage-first heap   total 171008K, used 59211K [0x00000000ca200000, 0x0000000100000000)
  region size 1024K, 11 young (11264K), 11 survivors (11264K)
 Metaspace       used 59038K, committed 59328K, reserved 1114112K
  class space    used 6996K, committed 7168K, reserved 1048576K
}
Event: 6.700 GC heap before
{Heap before GC invocations=28 (full 0):
 garbage-first heap   total 171008K, used 60235K [0x00000000ca200000, 0x0000000100000000)
  region size 1024K, 12 young (12288K), 11 survivors (11264K)
 Metaspace       used 59058K, committed 59328K, reserved 1114112K
  class space    used 6997K, committed 7168K, reserved 1048576K
}
Event: 6.709 GC heap after
{Heap after GC invocations=29 (full 0):
 garbage-first heap   total 171008K, used 60691K [0x00000000ca200000, 0x0000000100000000)
  region size 1024K, 2 young (2048K), 2 survivors (2048K)
 Metaspace       used 59058K, committed 59328K, reserved 1114112K
  class space    used 6997K, committed 7168K, reserved 1048576K
}

